<?xml version="1.0" encoding="UTF-8"?>
<testsuite xmlns:xsi="http://www.w3.org/2001/XMLSchema-instance" xsi:noNamespaceSchemaLocation="https://maven.apache.org/surefire/maven-surefire-plugin/xsd/surefire-test-report.xsd" name="com.org.orderitem.OrderItemServiceApplicationTests" time="21.453" tests="1" errors="0" skipped="0" failures="0">
  <properties>
    <property name="sun.desktop" value="windows"/>
    <property name="awt.toolkit" value="sun.awt.windows.WToolkit"/>
    <property name="file.encoding.pkg" value="sun.io"/>
    <property name="java.specification.version" value="1.8"/>
    <property name="sun.cpu.isalist" value="amd64"/>
    <property name="sun.jnu.encoding" value="Cp1252"/>
    <property name="java.class.path" value="C:\Users\kaushalkishor\interviewDemo\OrderItemService\target\test-classes;C:\Users\kaushalkishor\interviewDemo\OrderItemService\target\classes;E:\kkrepo\org\springframework\boot\spring-boot-starter-web\2.3.2.RELEASE\spring-boot-starter-web-2.3.2.RELEASE.jar;E:\kkrepo\org\springframework\boot\spring-boot-starter\2.3.2.RELEASE\spring-boot-starter-2.3.2.RELEASE.jar;E:\kkrepo\org\springframework\boot\spring-boot-starter-logging\2.3.2.RELEASE\spring-boot-starter-logging-2.3.2.RELEASE.jar;E:\kkrepo\ch\qos\logback\logback-classic\1.2.3\logback-classic-1.2.3.jar;E:\kkrepo\ch\qos\logback\logback-core\1.2.3\logback-core-1.2.3.jar;E:\kkrepo\org\apache\logging\log4j\log4j-to-slf4j\2.13.3\log4j-to-slf4j-2.13.3.jar;E:\kkrepo\org\apache\logging\log4j\log4j-api\2.13.3\log4j-api-2.13.3.jar;E:\kkrepo\org\slf4j\jul-to-slf4j\1.7.30\jul-to-slf4j-1.7.30.jar;E:\kkrepo\jakarta\annotation\jakarta.annotation-api\1.3.5\jakarta.annotation-api-1.3.5.jar;E:\kkrepo\org\yaml\snakeyaml\1.26\snakeyaml-1.26.jar;E:\kkrepo\org\springframework\boot\spring-boot-starter-json\2.3.2.RELEASE\spring-boot-starter-json-2.3.2.RELEASE.jar;E:\kkrepo\com\fasterxml\jackson\core\jackson-databind\2.11.1\jackson-databind-2.11.1.jar;E:\kkrepo\com\fasterxml\jackson\core\jackson-core\2.11.1\jackson-core-2.11.1.jar;E:\kkrepo\com\fasterxml\jackson\datatype\jackson-datatype-jdk8\2.11.1\jackson-datatype-jdk8-2.11.1.jar;E:\kkrepo\com\fasterxml\jackson\datatype\jackson-datatype-jsr310\2.11.1\jackson-datatype-jsr310-2.11.1.jar;E:\kkrepo\com\fasterxml\jackson\module\jackson-module-parameter-names\2.11.1\jackson-module-parameter-names-2.11.1.jar;E:\kkrepo\org\springframework\boot\spring-boot-starter-tomcat\2.3.2.RELEASE\spring-boot-starter-tomcat-2.3.2.RELEASE.jar;E:\kkrepo\org\apache\tomcat\embed\tomcat-embed-core\9.0.37\tomcat-embed-core-9.0.37.jar;E:\kkrepo\org\apache\tomcat\embed\tomcat-embed-websocket\9.0.37\tomcat-embed-websocket-9.0.37.jar;E:\kkrepo\org\springframework\spring-web\5.2.8.RELEASE\spring-web-5.2.8.RELEASE.jar;E:\kkrepo\org\springframework\spring-beans\5.2.8.RELEASE\spring-beans-5.2.8.RELEASE.jar;E:\kkrepo\org\springframework\spring-webmvc\5.2.8.RELEASE\spring-webmvc-5.2.8.RELEASE.jar;E:\kkrepo\org\springframework\spring-aop\5.2.8.RELEASE\spring-aop-5.2.8.RELEASE.jar;E:\kkrepo\org\springframework\spring-context\5.2.8.RELEASE\spring-context-5.2.8.RELEASE.jar;E:\kkrepo\org\springframework\spring-expression\5.2.8.RELEASE\spring-expression-5.2.8.RELEASE.jar;E:\kkrepo\org\springframework\cloud\spring-cloud-starter-openfeign\2.2.4.RELEASE\spring-cloud-starter-openfeign-2.2.4.RELEASE.jar;E:\kkrepo\org\springframework\cloud\spring-cloud-starter\2.2.4.RELEASE\spring-cloud-starter-2.2.4.RELEASE.jar;E:\kkrepo\org\springframework\cloud\spring-cloud-context\2.2.4.RELEASE\spring-cloud-context-2.2.4.RELEASE.jar;E:\kkrepo\org\springframework\security\spring-security-rsa\1.0.9.RELEASE\spring-security-rsa-1.0.9.RELEASE.jar;E:\kkrepo\org\bouncycastle\bcpkix-jdk15on\1.64\bcpkix-jdk15on-1.64.jar;E:\kkrepo\org\bouncycastle\bcprov-jdk15on\1.64\bcprov-jdk15on-1.64.jar;E:\kkrepo\org\springframework\cloud\spring-cloud-openfeign-core\2.2.4.RELEASE\spring-cloud-openfeign-core-2.2.4.RELEASE.jar;E:\kkrepo\org\springframework\cloud\spring-cloud-netflix-ribbon\2.2.4.RELEASE\spring-cloud-netflix-ribbon-2.2.4.RELEASE.jar;E:\kkrepo\org\springframework\cloud\spring-cloud-netflix-archaius\2.2.4.RELEASE\spring-cloud-netflix-archaius-2.2.4.RELEASE.jar;E:\kkrepo\io\github\openfeign\form\feign-form-spring\3.8.0\feign-form-spring-3.8.0.jar;E:\kkrepo\io\github\openfeign\form\feign-form\3.8.0\feign-form-3.8.0.jar;E:\kkrepo\commons-fileupload\commons-fileupload\1.4\commons-fileupload-1.4.jar;E:\kkrepo\commons-io\commons-io\2.2\commons-io-2.2.jar;E:\kkrepo\org\springframework\cloud\spring-cloud-commons\2.2.4.RELEASE\spring-cloud-commons-2.2.4.RELEASE.jar;E:\kkrepo\org\springframework\security\spring-security-crypto\5.3.3.RELEASE\spring-security-crypto-5.3.3.RELEASE.jar;E:\kkrepo\io\github\openfeign\feign-core\10.10.1\feign-core-10.10.1.jar;E:\kkrepo\io\github\openfeign\feign-slf4j\10.10.1\feign-slf4j-10.10.1.jar;E:\kkrepo\io\github\openfeign\feign-hystrix\10.10.1\feign-hystrix-10.10.1.jar;E:\kkrepo\com\netflix\archaius\archaius-core\0.7.6\archaius-core-0.7.6.jar;E:\kkrepo\commons-configuration\commons-configuration\1.8\commons-configuration-1.8.jar;E:\kkrepo\commons-lang\commons-lang\2.6\commons-lang-2.6.jar;E:\kkrepo\com\netflix\hystrix\hystrix-core\1.5.18\hystrix-core-1.5.18.jar;E:\kkrepo\io\reactivex\rxjava\1.3.8\rxjava-1.3.8.jar;E:\kkrepo\org\hdrhistogram\HdrHistogram\2.1.9\HdrHistogram-2.1.9.jar;E:\kkrepo\org\springframework\boot\spring-boot-starter-validation\2.3.2.RELEASE\spring-boot-starter-validation-2.3.2.RELEASE.jar;E:\kkrepo\org\glassfish\jakarta.el\3.0.3\jakarta.el-3.0.3.jar;E:\kkrepo\org\hibernate\validator\hibernate-validator\6.1.5.Final\hibernate-validator-6.1.5.Final.jar;E:\kkrepo\jakarta\validation\jakarta.validation-api\2.0.2\jakarta.validation-api-2.0.2.jar;E:\kkrepo\org\jboss\logging\jboss-logging\3.4.1.Final\jboss-logging-3.4.1.Final.jar;E:\kkrepo\org\springframework\boot\spring-boot-devtools\2.3.2.RELEASE\spring-boot-devtools-2.3.2.RELEASE.jar;E:\kkrepo\org\springframework\boot\spring-boot\2.3.2.RELEASE\spring-boot-2.3.2.RELEASE.jar;E:\kkrepo\org\springframework\boot\spring-boot-autoconfigure\2.3.2.RELEASE\spring-boot-autoconfigure-2.3.2.RELEASE.jar;E:\kkrepo\com\h2database\h2\1.4.200\h2-1.4.200.jar;E:\kkrepo\io\springfox\springfox-swagger2\2.6.1\springfox-swagger2-2.6.1.jar;E:\kkrepo\io\swagger\swagger-annotations\1.5.10\swagger-annotations-1.5.10.jar;E:\kkrepo\io\swagger\swagger-models\1.5.10\swagger-models-1.5.10.jar;E:\kkrepo\com\fasterxml\jackson\core\jackson-annotations\2.11.1\jackson-annotations-2.11.1.jar;E:\kkrepo\io\springfox\springfox-spi\2.6.1\springfox-spi-2.6.1.jar;E:\kkrepo\io\springfox\springfox-core\2.6.1\springfox-core-2.6.1.jar;E:\kkrepo\io\springfox\springfox-schema\2.6.1\springfox-schema-2.6.1.jar;E:\kkrepo\io\springfox\springfox-swagger-common\2.6.1\springfox-swagger-common-2.6.1.jar;E:\kkrepo\io\springfox\springfox-spring-web\2.6.1\springfox-spring-web-2.6.1.jar;E:\kkrepo\com\google\guava\guava\29.0-jre\guava-29.0-jre.jar;E:\kkrepo\com\google\guava\failureaccess\1.0.1\failureaccess-1.0.1.jar;E:\kkrepo\com\google\guava\listenablefuture\9999.0-empty-to-avoid-conflict-with-guava\listenablefuture-9999.0-empty-to-avoid-conflict-with-guava.jar;E:\kkrepo\com\google\code\findbugs\jsr305\3.0.2\jsr305-3.0.2.jar;E:\kkrepo\org\checkerframework\checker-qual\2.11.1\checker-qual-2.11.1.jar;E:\kkrepo\com\google\errorprone\error_prone_annotations\2.3.4\error_prone_annotations-2.3.4.jar;E:\kkrepo\com\google\j2objc\j2objc-annotations\1.3\j2objc-annotations-1.3.jar;E:\kkrepo\com\fasterxml\classmate\1.5.1\classmate-1.5.1.jar;E:\kkrepo\org\slf4j\slf4j-api\1.7.30\slf4j-api-1.7.30.jar;E:\kkrepo\org\springframework\plugin\spring-plugin-core\1.2.0.RELEASE\spring-plugin-core-1.2.0.RELEASE.jar;E:\kkrepo\org\springframework\plugin\spring-plugin-metadata\1.2.0.RELEASE\spring-plugin-metadata-1.2.0.RELEASE.jar;E:\kkrepo\org\mapstruct\mapstruct\1.0.0.Final\mapstruct-1.0.0.Final.jar;E:\kkrepo\io\springfox\springfox-swagger-ui\2.6.1\springfox-swagger-ui-2.6.1.jar;E:\kkrepo\org\springframework\boot\spring-boot-starter-data-jpa\2.3.2.RELEASE\spring-boot-starter-data-jpa-2.3.2.RELEASE.jar;E:\kkrepo\org\springframework\boot\spring-boot-starter-aop\2.3.2.RELEASE\spring-boot-starter-aop-2.3.2.RELEASE.jar;E:\kkrepo\org\aspectj\aspectjweaver\1.9.6\aspectjweaver-1.9.6.jar;E:\kkrepo\org\springframework\boot\spring-boot-starter-jdbc\2.3.2.RELEASE\spring-boot-starter-jdbc-2.3.2.RELEASE.jar;E:\kkrepo\com\zaxxer\HikariCP\3.4.5\HikariCP-3.4.5.jar;E:\kkrepo\org\springframework\spring-jdbc\5.2.8.RELEASE\spring-jdbc-5.2.8.RELEASE.jar;E:\kkrepo\jakarta\transaction\jakarta.transaction-api\1.3.3\jakarta.transaction-api-1.3.3.jar;E:\kkrepo\jakarta\persistence\jakarta.persistence-api\2.2.3\jakarta.persistence-api-2.2.3.jar;E:\kkrepo\org\hibernate\hibernate-core\5.4.18.Final\hibernate-core-5.4.18.Final.jar;E:\kkrepo\org\javassist\javassist\3.24.0-GA\javassist-3.24.0-GA.jar;E:\kkrepo\net\bytebuddy\byte-buddy\1.10.13\byte-buddy-1.10.13.jar;E:\kkrepo\antlr\antlr\2.7.7\antlr-2.7.7.jar;E:\kkrepo\org\jboss\jandex\2.1.3.Final\jandex-2.1.3.Final.jar;E:\kkrepo\org\dom4j\dom4j\2.1.3\dom4j-2.1.3.jar;E:\kkrepo\org\hibernate\common\hibernate-commons-annotations\5.1.0.Final\hibernate-commons-annotations-5.1.0.Final.jar;E:\kkrepo\org\glassfish\jaxb\jaxb-runtime\2.3.3\jaxb-runtime-2.3.3.jar;E:\kkrepo\org\glassfish\jaxb\txw2\2.3.3\txw2-2.3.3.jar;E:\kkrepo\com\sun\istack\istack-commons-runtime\3.0.11\istack-commons-runtime-3.0.11.jar;E:\kkrepo\com\sun\activation\jakarta.activation\1.2.2\jakarta.activation-1.2.2.jar;E:\kkrepo\org\springframework\data\spring-data-jpa\2.3.2.RELEASE\spring-data-jpa-2.3.2.RELEASE.jar;E:\kkrepo\org\springframework\data\spring-data-commons\2.3.2.RELEASE\spring-data-commons-2.3.2.RELEASE.jar;E:\kkrepo\org\springframework\spring-orm\5.2.8.RELEASE\spring-orm-5.2.8.RELEASE.jar;E:\kkrepo\org\springframework\spring-tx\5.2.8.RELEASE\spring-tx-5.2.8.RELEASE.jar;E:\kkrepo\org\springframework\spring-aspects\5.2.8.RELEASE\spring-aspects-5.2.8.RELEASE.jar;E:\kkrepo\org\springframework\boot\spring-boot-starter-test\2.3.2.RELEASE\spring-boot-starter-test-2.3.2.RELEASE.jar;E:\kkrepo\org\springframework\boot\spring-boot-test\2.3.2.RELEASE\spring-boot-test-2.3.2.RELEASE.jar;E:\kkrepo\org\springframework\boot\spring-boot-test-autoconfigure\2.3.2.RELEASE\spring-boot-test-autoconfigure-2.3.2.RELEASE.jar;E:\kkrepo\com\jayway\jsonpath\json-path\2.4.0\json-path-2.4.0.jar;E:\kkrepo\net\minidev\json-smart\2.3\json-smart-2.3.jar;E:\kkrepo\net\minidev\accessors-smart\1.2\accessors-smart-1.2.jar;E:\kkrepo\org\ow2\asm\asm\5.0.4\asm-5.0.4.jar;E:\kkrepo\jakarta\xml\bind\jakarta.xml.bind-api\2.3.3\jakarta.xml.bind-api-2.3.3.jar;E:\kkrepo\jakarta\activation\jakarta.activation-api\1.2.2\jakarta.activation-api-1.2.2.jar;E:\kkrepo\org\assertj\assertj-core\3.16.1\assertj-core-3.16.1.jar;E:\kkrepo\org\hamcrest\hamcrest\2.2\hamcrest-2.2.jar;E:\kkrepo\org\junit\jupiter\junit-jupiter\5.6.2\junit-jupiter-5.6.2.jar;E:\kkrepo\org\junit\jupiter\junit-jupiter-api\5.6.2\junit-jupiter-api-5.6.2.jar;E:\kkrepo\org\apiguardian\apiguardian-api\1.1.0\apiguardian-api-1.1.0.jar;E:\kkrepo\org\opentest4j\opentest4j\1.2.0\opentest4j-1.2.0.jar;E:\kkrepo\org\junit\platform\junit-platform-commons\1.6.2\junit-platform-commons-1.6.2.jar;E:\kkrepo\org\junit\jupiter\junit-jupiter-params\5.6.2\junit-jupiter-params-5.6.2.jar;E:\kkrepo\org\junit\jupiter\junit-jupiter-engine\5.6.2\junit-jupiter-engine-5.6.2.jar;E:\kkrepo\org\junit\platform\junit-platform-engine\1.6.2\junit-platform-engine-1.6.2.jar;E:\kkrepo\org\mockito\mockito-core\3.3.3\mockito-core-3.3.3.jar;E:\kkrepo\net\bytebuddy\byte-buddy-agent\1.10.13\byte-buddy-agent-1.10.13.jar;E:\kkrepo\org\objenesis\objenesis\2.6\objenesis-2.6.jar;E:\kkrepo\org\mockito\mockito-junit-jupiter\3.3.3\mockito-junit-jupiter-3.3.3.jar;E:\kkrepo\org\skyscreamer\jsonassert\1.5.0\jsonassert-1.5.0.jar;E:\kkrepo\com\vaadin\external\google\android-json\0.0.20131108.vaadin1\android-json-0.0.20131108.vaadin1.jar;E:\kkrepo\org\springframework\spring-core\5.2.8.RELEASE\spring-core-5.2.8.RELEASE.jar;E:\kkrepo\org\springframework\spring-jcl\5.2.8.RELEASE\spring-jcl-5.2.8.RELEASE.jar;E:\kkrepo\org\springframework\spring-test\5.2.8.RELEASE\spring-test-5.2.8.RELEASE.jar;E:\kkrepo\org\xmlunit\xmlunit-core\2.7.0\xmlunit-core-2.7.0.jar;"/>
    <property name="java.vm.vendor" value="Oracle Corporation"/>
    <property name="sun.arch.data.model" value="64"/>
    <property name="user.variant" value=""/>
    <property name="java.vendor.url" value="http://java.oracle.com/"/>
    <property name="user.timezone" value="Asia/Calcutta"/>
    <property name="java.vm.specification.version" value="1.8"/>
    <property name="os.name" value="Windows 8.1"/>
    <property name="user.country" value="US"/>
    <property name="sun.java.launcher" value="SUN_STANDARD"/>
    <property name="sun.boot.library.path" value="C:\Program Files\Java\jdk1.8.0_131\jre\bin"/>
    <property name="sun.java.command" value="C:\Users\KAUSHA~1\AppData\Local\Temp\surefire3403676230541096398\surefirebooter5188531510339857608.jar C:\Users\kaushalkishor\AppData\Local\Temp\surefire3403676230541096398 2020-08-15T12-49-07_576-jvmRun1 surefire4545357596475622776tmp surefire_03094670698099132398tmp"/>
    <property name="surefire.test.class.path" value="C:\Users\kaushalkishor\interviewDemo\OrderItemService\target\test-classes;C:\Users\kaushalkishor\interviewDemo\OrderItemService\target\classes;E:\kkrepo\org\springframework\boot\spring-boot-starter-web\2.3.2.RELEASE\spring-boot-starter-web-2.3.2.RELEASE.jar;E:\kkrepo\org\springframework\boot\spring-boot-starter\2.3.2.RELEASE\spring-boot-starter-2.3.2.RELEASE.jar;E:\kkrepo\org\springframework\boot\spring-boot-starter-logging\2.3.2.RELEASE\spring-boot-starter-logging-2.3.2.RELEASE.jar;E:\kkrepo\ch\qos\logback\logback-classic\1.2.3\logback-classic-1.2.3.jar;E:\kkrepo\ch\qos\logback\logback-core\1.2.3\logback-core-1.2.3.jar;E:\kkrepo\org\apache\logging\log4j\log4j-to-slf4j\2.13.3\log4j-to-slf4j-2.13.3.jar;E:\kkrepo\org\apache\logging\log4j\log4j-api\2.13.3\log4j-api-2.13.3.jar;E:\kkrepo\org\slf4j\jul-to-slf4j\1.7.30\jul-to-slf4j-1.7.30.jar;E:\kkrepo\jakarta\annotation\jakarta.annotation-api\1.3.5\jakarta.annotation-api-1.3.5.jar;E:\kkrepo\org\yaml\snakeyaml\1.26\snakeyaml-1.26.jar;E:\kkrepo\org\springframework\boot\spring-boot-starter-json\2.3.2.RELEASE\spring-boot-starter-json-2.3.2.RELEASE.jar;E:\kkrepo\com\fasterxml\jackson\core\jackson-databind\2.11.1\jackson-databind-2.11.1.jar;E:\kkrepo\com\fasterxml\jackson\core\jackson-core\2.11.1\jackson-core-2.11.1.jar;E:\kkrepo\com\fasterxml\jackson\datatype\jackson-datatype-jdk8\2.11.1\jackson-datatype-jdk8-2.11.1.jar;E:\kkrepo\com\fasterxml\jackson\datatype\jackson-datatype-jsr310\2.11.1\jackson-datatype-jsr310-2.11.1.jar;E:\kkrepo\com\fasterxml\jackson\module\jackson-module-parameter-names\2.11.1\jackson-module-parameter-names-2.11.1.jar;E:\kkrepo\org\springframework\boot\spring-boot-starter-tomcat\2.3.2.RELEASE\spring-boot-starter-tomcat-2.3.2.RELEASE.jar;E:\kkrepo\org\apache\tomcat\embed\tomcat-embed-core\9.0.37\tomcat-embed-core-9.0.37.jar;E:\kkrepo\org\apache\tomcat\embed\tomcat-embed-websocket\9.0.37\tomcat-embed-websocket-9.0.37.jar;E:\kkrepo\org\springframework\spring-web\5.2.8.RELEASE\spring-web-5.2.8.RELEASE.jar;E:\kkrepo\org\springframework\spring-beans\5.2.8.RELEASE\spring-beans-5.2.8.RELEASE.jar;E:\kkrepo\org\springframework\spring-webmvc\5.2.8.RELEASE\spring-webmvc-5.2.8.RELEASE.jar;E:\kkrepo\org\springframework\spring-aop\5.2.8.RELEASE\spring-aop-5.2.8.RELEASE.jar;E:\kkrepo\org\springframework\spring-context\5.2.8.RELEASE\spring-context-5.2.8.RELEASE.jar;E:\kkrepo\org\springframework\spring-expression\5.2.8.RELEASE\spring-expression-5.2.8.RELEASE.jar;E:\kkrepo\org\springframework\cloud\spring-cloud-starter-openfeign\2.2.4.RELEASE\spring-cloud-starter-openfeign-2.2.4.RELEASE.jar;E:\kkrepo\org\springframework\cloud\spring-cloud-starter\2.2.4.RELEASE\spring-cloud-starter-2.2.4.RELEASE.jar;E:\kkrepo\org\springframework\cloud\spring-cloud-context\2.2.4.RELEASE\spring-cloud-context-2.2.4.RELEASE.jar;E:\kkrepo\org\springframework\security\spring-security-rsa\1.0.9.RELEASE\spring-security-rsa-1.0.9.RELEASE.jar;E:\kkrepo\org\bouncycastle\bcpkix-jdk15on\1.64\bcpkix-jdk15on-1.64.jar;E:\kkrepo\org\bouncycastle\bcprov-jdk15on\1.64\bcprov-jdk15on-1.64.jar;E:\kkrepo\org\springframework\cloud\spring-cloud-openfeign-core\2.2.4.RELEASE\spring-cloud-openfeign-core-2.2.4.RELEASE.jar;E:\kkrepo\org\springframework\cloud\spring-cloud-netflix-ribbon\2.2.4.RELEASE\spring-cloud-netflix-ribbon-2.2.4.RELEASE.jar;E:\kkrepo\org\springframework\cloud\spring-cloud-netflix-archaius\2.2.4.RELEASE\spring-cloud-netflix-archaius-2.2.4.RELEASE.jar;E:\kkrepo\io\github\openfeign\form\feign-form-spring\3.8.0\feign-form-spring-3.8.0.jar;E:\kkrepo\io\github\openfeign\form\feign-form\3.8.0\feign-form-3.8.0.jar;E:\kkrepo\commons-fileupload\commons-fileupload\1.4\commons-fileupload-1.4.jar;E:\kkrepo\commons-io\commons-io\2.2\commons-io-2.2.jar;E:\kkrepo\org\springframework\cloud\spring-cloud-commons\2.2.4.RELEASE\spring-cloud-commons-2.2.4.RELEASE.jar;E:\kkrepo\org\springframework\security\spring-security-crypto\5.3.3.RELEASE\spring-security-crypto-5.3.3.RELEASE.jar;E:\kkrepo\io\github\openfeign\feign-core\10.10.1\feign-core-10.10.1.jar;E:\kkrepo\io\github\openfeign\feign-slf4j\10.10.1\feign-slf4j-10.10.1.jar;E:\kkrepo\io\github\openfeign\feign-hystrix\10.10.1\feign-hystrix-10.10.1.jar;E:\kkrepo\com\netflix\archaius\archaius-core\0.7.6\archaius-core-0.7.6.jar;E:\kkrepo\commons-configuration\commons-configuration\1.8\commons-configuration-1.8.jar;E:\kkrepo\commons-lang\commons-lang\2.6\commons-lang-2.6.jar;E:\kkrepo\com\netflix\hystrix\hystrix-core\1.5.18\hystrix-core-1.5.18.jar;E:\kkrepo\io\reactivex\rxjava\1.3.8\rxjava-1.3.8.jar;E:\kkrepo\org\hdrhistogram\HdrHistogram\2.1.9\HdrHistogram-2.1.9.jar;E:\kkrepo\org\springframework\boot\spring-boot-starter-validation\2.3.2.RELEASE\spring-boot-starter-validation-2.3.2.RELEASE.jar;E:\kkrepo\org\glassfish\jakarta.el\3.0.3\jakarta.el-3.0.3.jar;E:\kkrepo\org\hibernate\validator\hibernate-validator\6.1.5.Final\hibernate-validator-6.1.5.Final.jar;E:\kkrepo\jakarta\validation\jakarta.validation-api\2.0.2\jakarta.validation-api-2.0.2.jar;E:\kkrepo\org\jboss\logging\jboss-logging\3.4.1.Final\jboss-logging-3.4.1.Final.jar;E:\kkrepo\org\springframework\boot\spring-boot-devtools\2.3.2.RELEASE\spring-boot-devtools-2.3.2.RELEASE.jar;E:\kkrepo\org\springframework\boot\spring-boot\2.3.2.RELEASE\spring-boot-2.3.2.RELEASE.jar;E:\kkrepo\org\springframework\boot\spring-boot-autoconfigure\2.3.2.RELEASE\spring-boot-autoconfigure-2.3.2.RELEASE.jar;E:\kkrepo\com\h2database\h2\1.4.200\h2-1.4.200.jar;E:\kkrepo\io\springfox\springfox-swagger2\2.6.1\springfox-swagger2-2.6.1.jar;E:\kkrepo\io\swagger\swagger-annotations\1.5.10\swagger-annotations-1.5.10.jar;E:\kkrepo\io\swagger\swagger-models\1.5.10\swagger-models-1.5.10.jar;E:\kkrepo\com\fasterxml\jackson\core\jackson-annotations\2.11.1\jackson-annotations-2.11.1.jar;E:\kkrepo\io\springfox\springfox-spi\2.6.1\springfox-spi-2.6.1.jar;E:\kkrepo\io\springfox\springfox-core\2.6.1\springfox-core-2.6.1.jar;E:\kkrepo\io\springfox\springfox-schema\2.6.1\springfox-schema-2.6.1.jar;E:\kkrepo\io\springfox\springfox-swagger-common\2.6.1\springfox-swagger-common-2.6.1.jar;E:\kkrepo\io\springfox\springfox-spring-web\2.6.1\springfox-spring-web-2.6.1.jar;E:\kkrepo\com\google\guava\guava\29.0-jre\guava-29.0-jre.jar;E:\kkrepo\com\google\guava\failureaccess\1.0.1\failureaccess-1.0.1.jar;E:\kkrepo\com\google\guava\listenablefuture\9999.0-empty-to-avoid-conflict-with-guava\listenablefuture-9999.0-empty-to-avoid-conflict-with-guava.jar;E:\kkrepo\com\google\code\findbugs\jsr305\3.0.2\jsr305-3.0.2.jar;E:\kkrepo\org\checkerframework\checker-qual\2.11.1\checker-qual-2.11.1.jar;E:\kkrepo\com\google\errorprone\error_prone_annotations\2.3.4\error_prone_annotations-2.3.4.jar;E:\kkrepo\com\google\j2objc\j2objc-annotations\1.3\j2objc-annotations-1.3.jar;E:\kkrepo\com\fasterxml\classmate\1.5.1\classmate-1.5.1.jar;E:\kkrepo\org\slf4j\slf4j-api\1.7.30\slf4j-api-1.7.30.jar;E:\kkrepo\org\springframework\plugin\spring-plugin-core\1.2.0.RELEASE\spring-plugin-core-1.2.0.RELEASE.jar;E:\kkrepo\org\springframework\plugin\spring-plugin-metadata\1.2.0.RELEASE\spring-plugin-metadata-1.2.0.RELEASE.jar;E:\kkrepo\org\mapstruct\mapstruct\1.0.0.Final\mapstruct-1.0.0.Final.jar;E:\kkrepo\io\springfox\springfox-swagger-ui\2.6.1\springfox-swagger-ui-2.6.1.jar;E:\kkrepo\org\springframework\boot\spring-boot-starter-data-jpa\2.3.2.RELEASE\spring-boot-starter-data-jpa-2.3.2.RELEASE.jar;E:\kkrepo\org\springframework\boot\spring-boot-starter-aop\2.3.2.RELEASE\spring-boot-starter-aop-2.3.2.RELEASE.jar;E:\kkrepo\org\aspectj\aspectjweaver\1.9.6\aspectjweaver-1.9.6.jar;E:\kkrepo\org\springframework\boot\spring-boot-starter-jdbc\2.3.2.RELEASE\spring-boot-starter-jdbc-2.3.2.RELEASE.jar;E:\kkrepo\com\zaxxer\HikariCP\3.4.5\HikariCP-3.4.5.jar;E:\kkrepo\org\springframework\spring-jdbc\5.2.8.RELEASE\spring-jdbc-5.2.8.RELEASE.jar;E:\kkrepo\jakarta\transaction\jakarta.transaction-api\1.3.3\jakarta.transaction-api-1.3.3.jar;E:\kkrepo\jakarta\persistence\jakarta.persistence-api\2.2.3\jakarta.persistence-api-2.2.3.jar;E:\kkrepo\org\hibernate\hibernate-core\5.4.18.Final\hibernate-core-5.4.18.Final.jar;E:\kkrepo\org\javassist\javassist\3.24.0-GA\javassist-3.24.0-GA.jar;E:\kkrepo\net\bytebuddy\byte-buddy\1.10.13\byte-buddy-1.10.13.jar;E:\kkrepo\antlr\antlr\2.7.7\antlr-2.7.7.jar;E:\kkrepo\org\jboss\jandex\2.1.3.Final\jandex-2.1.3.Final.jar;E:\kkrepo\org\dom4j\dom4j\2.1.3\dom4j-2.1.3.jar;E:\kkrepo\org\hibernate\common\hibernate-commons-annotations\5.1.0.Final\hibernate-commons-annotations-5.1.0.Final.jar;E:\kkrepo\org\glassfish\jaxb\jaxb-runtime\2.3.3\jaxb-runtime-2.3.3.jar;E:\kkrepo\org\glassfish\jaxb\txw2\2.3.3\txw2-2.3.3.jar;E:\kkrepo\com\sun\istack\istack-commons-runtime\3.0.11\istack-commons-runtime-3.0.11.jar;E:\kkrepo\com\sun\activation\jakarta.activation\1.2.2\jakarta.activation-1.2.2.jar;E:\kkrepo\org\springframework\data\spring-data-jpa\2.3.2.RELEASE\spring-data-jpa-2.3.2.RELEASE.jar;E:\kkrepo\org\springframework\data\spring-data-commons\2.3.2.RELEASE\spring-data-commons-2.3.2.RELEASE.jar;E:\kkrepo\org\springframework\spring-orm\5.2.8.RELEASE\spring-orm-5.2.8.RELEASE.jar;E:\kkrepo\org\springframework\spring-tx\5.2.8.RELEASE\spring-tx-5.2.8.RELEASE.jar;E:\kkrepo\org\springframework\spring-aspects\5.2.8.RELEASE\spring-aspects-5.2.8.RELEASE.jar;E:\kkrepo\org\springframework\boot\spring-boot-starter-test\2.3.2.RELEASE\spring-boot-starter-test-2.3.2.RELEASE.jar;E:\kkrepo\org\springframework\boot\spring-boot-test\2.3.2.RELEASE\spring-boot-test-2.3.2.RELEASE.jar;E:\kkrepo\org\springframework\boot\spring-boot-test-autoconfigure\2.3.2.RELEASE\spring-boot-test-autoconfigure-2.3.2.RELEASE.jar;E:\kkrepo\com\jayway\jsonpath\json-path\2.4.0\json-path-2.4.0.jar;E:\kkrepo\net\minidev\json-smart\2.3\json-smart-2.3.jar;E:\kkrepo\net\minidev\accessors-smart\1.2\accessors-smart-1.2.jar;E:\kkrepo\org\ow2\asm\asm\5.0.4\asm-5.0.4.jar;E:\kkrepo\jakarta\xml\bind\jakarta.xml.bind-api\2.3.3\jakarta.xml.bind-api-2.3.3.jar;E:\kkrepo\jakarta\activation\jakarta.activation-api\1.2.2\jakarta.activation-api-1.2.2.jar;E:\kkrepo\org\assertj\assertj-core\3.16.1\assertj-core-3.16.1.jar;E:\kkrepo\org\hamcrest\hamcrest\2.2\hamcrest-2.2.jar;E:\kkrepo\org\junit\jupiter\junit-jupiter\5.6.2\junit-jupiter-5.6.2.jar;E:\kkrepo\org\junit\jupiter\junit-jupiter-api\5.6.2\junit-jupiter-api-5.6.2.jar;E:\kkrepo\org\apiguardian\apiguardian-api\1.1.0\apiguardian-api-1.1.0.jar;E:\kkrepo\org\opentest4j\opentest4j\1.2.0\opentest4j-1.2.0.jar;E:\kkrepo\org\junit\platform\junit-platform-commons\1.6.2\junit-platform-commons-1.6.2.jar;E:\kkrepo\org\junit\jupiter\junit-jupiter-params\5.6.2\junit-jupiter-params-5.6.2.jar;E:\kkrepo\org\junit\jupiter\junit-jupiter-engine\5.6.2\junit-jupiter-engine-5.6.2.jar;E:\kkrepo\org\junit\platform\junit-platform-engine\1.6.2\junit-platform-engine-1.6.2.jar;E:\kkrepo\org\mockito\mockito-core\3.3.3\mockito-core-3.3.3.jar;E:\kkrepo\net\bytebuddy\byte-buddy-agent\1.10.13\byte-buddy-agent-1.10.13.jar;E:\kkrepo\org\objenesis\objenesis\2.6\objenesis-2.6.jar;E:\kkrepo\org\mockito\mockito-junit-jupiter\3.3.3\mockito-junit-jupiter-3.3.3.jar;E:\kkrepo\org\skyscreamer\jsonassert\1.5.0\jsonassert-1.5.0.jar;E:\kkrepo\com\vaadin\external\google\android-json\0.0.20131108.vaadin1\android-json-0.0.20131108.vaadin1.jar;E:\kkrepo\org\springframework\spring-core\5.2.8.RELEASE\spring-core-5.2.8.RELEASE.jar;E:\kkrepo\org\springframework\spring-jcl\5.2.8.RELEASE\spring-jcl-5.2.8.RELEASE.jar;E:\kkrepo\org\springframework\spring-test\5.2.8.RELEASE\spring-test-5.2.8.RELEASE.jar;E:\kkrepo\org\xmlunit\xmlunit-core\2.7.0\xmlunit-core-2.7.0.jar;"/>
    <property name="sun.cpu.endian" value="little"/>
    <property name="user.home" value="C:\Users\kaushalkishor"/>
    <property name="user.language" value="en"/>
    <property name="java.specification.vendor" value="Oracle Corporation"/>
    <property name="java.home" value="C:\Program Files\Java\jdk1.8.0_131\jre"/>
    <property name="basedir" value="C:\Users\kaushalkishor\interviewDemo\OrderItemService"/>
    <property name="file.separator" value="\"/>
    <property name="line.separator" value="&#10;"/>
    <property name="java.vm.specification.vendor" value="Oracle Corporation"/>
    <property name="java.specification.name" value="Java Platform API Specification"/>
    <property name="java.awt.graphicsenv" value="sun.awt.Win32GraphicsEnvironment"/>
    <property name="surefire.real.class.path" value="C:\Users\KAUSHA~1\AppData\Local\Temp\surefire3403676230541096398\surefirebooter5188531510339857608.jar"/>
    <property name="sun.boot.class.path" value="C:\Program Files\Java\jdk1.8.0_131\jre\lib\resources.jar;C:\Program Files\Java\jdk1.8.0_131\jre\lib\rt.jar;C:\Program Files\Java\jdk1.8.0_131\jre\lib\sunrsasign.jar;C:\Program Files\Java\jdk1.8.0_131\jre\lib\jsse.jar;C:\Program Files\Java\jdk1.8.0_131\jre\lib\jce.jar;C:\Program Files\Java\jdk1.8.0_131\jre\lib\charsets.jar;C:\Program Files\Java\jdk1.8.0_131\jre\lib\jfr.jar;C:\Program Files\Java\jdk1.8.0_131\jre\classes"/>
    <property name="user.script" value=""/>
    <property name="sun.management.compiler" value="HotSpot 64-Bit Tiered Compilers"/>
    <property name="java.runtime.version" value="1.8.0_131-b11"/>
    <property name="user.name" value="kaushalkishor"/>
    <property name="path.separator" value=";"/>
    <property name="os.version" value="6.3"/>
    <property name="java.endorsed.dirs" value="C:\Program Files\Java\jdk1.8.0_131\jre\lib\endorsed"/>
    <property name="java.runtime.name" value="Java(TM) SE Runtime Environment"/>
    <property name="file.encoding" value="Cp1252"/>
    <property name="java.vm.name" value="Java HotSpot(TM) 64-Bit Server VM"/>
    <property name="localRepository" value="E:\kkrepo"/>
    <property name="java.vendor.url.bug" value="http://bugreport.sun.com/bugreport/"/>
    <property name="java.io.tmpdir" value="C:\Users\KAUSHA~1\AppData\Local\Temp\"/>
    <property name="java.version" value="1.8.0_131"/>
    <property name="user.dir" value="C:\Users\kaushalkishor\interviewDemo\OrderItemService"/>
    <property name="os.arch" value="amd64"/>
    <property name="java.vm.specification.name" value="Java Virtual Machine Specification"/>
    <property name="java.awt.printerjob" value="sun.awt.windows.WPrinterJob"/>
    <property name="sun.os.patch.level" value=""/>
    <property name="java.library.path" value="C:\Program Files\Java\jdk1.8.0_131\jre\bin;C:\Windows\Sun\Java\bin;C:\Windows\system32;C:\Windows;C:\ProgramData\Oracle\Java\javapath;C:\Windows\system32;C:\Windows;C:\Windows\System32\Wbem;C:\Windows\System32\WindowsPowerShell\v1.0\;C:\Program Files (x86)\AMD\ATI.ACE\Core-Static;C:\Program Files\Java\jdk1.8.0_131\bin;C:\Program Files\Intel\WiFi\bin\;C:\Program Files\Common Files\Intel\WirelessCommon\;C:\maven\apache-maven-3.2.3\bin;C:\Program Files (x86)\MySQL\MySQL Fabric 1.5 &amp; MySQL Utilities 1.5\;C:\Program Files (x86)\MySQL\MySQL Fabric 1.5 &amp; MySQL Utilities 1.5\Doctrine extensions for PHP\;C:\Program Files\MIT\Kerberos\bin;C:\Program Files (x86)\Skype\Phone\;C:\Program Files\Microsoft VS Code\bin;C:\gradle-4.7\bin;C:\Program Files\nodejs\;C:\Program Files\Git\cmd;C:\kafka_2.12-2.4.1\kafka_2.12-2.4.1\bin;C:\Program Files\Intel\WiFi\bin\;C:\Program Files\Common Files\Intel\WirelessCommon\;C:\Program Files\Microsoft VS Code\bin;C:\Users\kaushalkishor\AppData\Roaming\npm;C:\Program Files\Docker Toolbox;."/>
    <property name="java.vm.info" value="mixed mode"/>
    <property name="java.vendor" value="Oracle Corporation"/>
    <property name="java.vm.version" value="25.131-b11"/>
    <property name="java.ext.dirs" value="C:\Program Files\Java\jdk1.8.0_131\jre\lib\ext;C:\Windows\Sun\Java\lib\ext"/>
    <property name="sun.io.unicode.encoding" value="UnicodeLittle"/>
    <property name="java.class.version" value="52.0"/>
  </properties>
  <testcase name="contextLoads" classname="com.org.orderitem.OrderItemServiceApplicationTests" time="0.226"/>
</testsuite>